<?xml version="1.0" encoding="UTF-8"?>
<!-- Generated by org.testng.reporters.JUnitReportReporter -->
<testsuite hostname="LAPTOP-E6SRQGTN" failures="0" tests="1" name="cdpCommandsTest" time="21.549" errors="0" timestamp="2022-10-28T08:30:52 IST" skipped="0">
  <testcase classname="cdpCommandsTest" name="f" time="21.549"/>
  <system-out/>
</testsuite> <!-- cdpCommandsTest -->
