<?xml version="1.0" encoding="UTF-8"?>
<!-- Generated by org.testng.reporters.JUnitReportReporter -->
<testsuite hostname="LAPTOP-E6SRQGTN" failures="0" tests="1" name="cdp.ConsoleLogCapture" time="4.229" errors="0" timestamp="2022-10-30T15:21:53 IST" skipped="0">
  <testcase classname="cdp.ConsoleLogCapture" name="f" time="4.229"/>
  <system-out/>
</testsuite> <!-- cdp.ConsoleLogCapture -->
