<?xml version="1.0" encoding="UTF-8"?>
<!-- Generated by org.testng.reporters.JUnitReportReporter -->
<testsuite hostname="LAPTOP-E6SRQGTN" failures="0" tests="1" name="cdp.NetworkLogActivity" time="3.711" errors="0" timestamp="2022-10-28T20:56:10 IST" skipped="0">
  <testcase classname="cdp.NetworkLogActivity" name="f" time="3.711"/>
  <system-out/>
</testsuite> <!-- cdp.NetworkLogActivity -->
