<?xml version="1.0" encoding="UTF-8"?>
<!-- Generated by org.testng.reporters.JUnitReportReporter -->
<testsuite hostname="LAPTOP-E6SRQGTN" failures="0" tests="1" name="GeoLocationTest" time="17.895" errors="0" timestamp="2022-10-28T09:29:54 IST" skipped="0">
  <testcase classname="GeoLocationTest" name="test_Selenium4_Geolocation" time="17.895"/>
  <system-out/>
</testsuite> <!-- GeoLocationTest -->
