<?xml version="1.0" encoding="UTF-8"?>
<!-- Generated by org.testng.reporters.JUnitReportReporter -->
<testsuite hostname="LAPTOP-E6SRQGTN" failures="0" tests="1" name="setGeoLocations" time="5.387" errors="0" timestamp="2022-10-28T20:02:01 IST" skipped="0">
  <testcase classname="setGeoLocations" name="testNetflix" time="5.387"/>
  <system-out/>
</testsuite> <!-- setGeoLocations -->
