<?xml version="1.0" encoding="UTF-8"?>
<!-- Generated by org.testng.reporters.JUnitReportReporter -->
<testsuite hostname="LAPTOP-E6SRQGTN" failures="0" tests="1" name="MobileEmulatorTest" time="2.758" errors="0" timestamp="2022-10-28T07:33:13 IST" skipped="0">
  <testcase classname="MobileEmulatorTest" name="testcase1" time="2.758"/>
  <system-out/>
</testsuite> <!-- MobileEmulatorTest -->
