<?xml version="1.0" encoding="UTF-8"?>
<!-- Generated by org.testng.reporters.JUnitReportReporter -->
<testsuite hostname="LAPTOP-E6SRQGTN" failures="0" tests="1" name="cdp.NetworkMocking" time="5.245" errors="0" timestamp="2022-10-29T17:40:01 IST" skipped="0">
  <testcase classname="cdp.NetworkMocking" name="f" time="5.245"/>
  <system-out/>
</testsuite> <!-- cdp.NetworkMocking -->
