<?xml version="1.0" encoding="UTF-8"?>
<!-- Generated by org.testng.reporters.JUnitReportReporter -->
<testsuite hostname="LAPTOP-E6SRQGTN" failures="0" tests="1" name="cdp.NetworkFailedRequest" time="3.130" errors="0" timestamp="2022-10-29T18:24:38 IST" skipped="0">
  <testcase classname="cdp.NetworkFailedRequest" name="failedRequest" time="3.130"/>
  <system-out/>
</testsuite> <!-- cdp.NetworkFailedRequest -->
