<?xml version="1.0" encoding="UTF-8"?>
<!-- Generated by org.testng.reporters.JUnitReportReporter -->
<testsuite hostname="LAPTOP-E6SRQGTN" failures="0" tests="1" name="cdp.BlockNetworkRequest" time="5.280" errors="0" timestamp="2022-10-30T15:18:09 IST" skipped="0">
  <testcase classname="cdp.BlockNetworkRequest" name="blockNetworkTest" time="5.280"/>
  <system-out/>
</testsuite> <!-- cdp.BlockNetworkRequest -->
