<?xml version="1.0" encoding="UTF-8"?>
<!-- Generated by org.testng.reporters.JUnitReportReporter -->
<testsuite hostname="LAPTOP-E6SRQGTN" failures="0" tests="1" name="GoogleTest" time="8.885" errors="0" timestamp="2022-10-26T18:44:04 IST" skipped="0">
  <testcase classname="GoogleTest" name="HomePageCheck" time="8.885"/>
  <system-out/>
</testsuite> <!-- GoogleTest -->
