<?xml version="1.0" encoding="UTF-8"?>
<!-- Generated by org.testng.reporters.JUnitReportReporter -->
<testsuite hostname="LAPTOP-E6SRQGTN" failures="0" tests="1" name="CricBuzzTest2" time="20.138" errors="0" timestamp="2022-10-26T18:44:04 IST" skipped="0">
  <testcase classname="CricBuzzTest2" name="HomePageCheck" time="20.138"/>
  <system-out/>
</testsuite> <!-- CricBuzzTest2 -->
