<?xml version="1.0" encoding="UTF-8"?>
<!-- Generated by org.testng.reporters.JUnitReportReporter -->
<testsuite hostname="LAPTOP-E6SRQGTN" failures="0" tests="1" name="dataDriven.excelDataProvider.Excel" time="0.772" errors="0" timestamp="2022-10-25T17:18:24 IST" skipped="0">
  <testcase classname="dataDriven.excelDataProvider.Excel" name="getExcel" time="0.772"/>
  <system-out/>
</testsuite> <!-- dataDriven.excelDataProvider.Excel -->
