<?xml version="1.0" encoding="UTF-8"?>
<!-- Generated by org.testng.reporters.JUnitReportReporter -->
<testsuite hostname="LAPTOP-E6SRQGTN" failures="0" tests="3" name="dataDriven.excelDataProvider.DataProviderJavaC" time="0.013" errors="0" timestamp="2022-10-25T17:28:23 IST" skipped="0">
  <testcase classname="dataDriven.excelDataProvider.DataProviderJavaC" name="testCaseData" time="0.002"/>
  <system-out/>
  <testcase classname="dataDriven.excelDataProvider.DataProviderJavaC" name="testCaseData" time="0.001"/>
  <system-out/>
  <testcase classname="dataDriven.excelDataProvider.DataProviderJavaC" name="testCaseData" time="0.010"/>
  <system-out/>
</testsuite> <!-- dataDriven.excelDataProvider.DataProviderJavaC -->
