<?xml version="1.0" encoding="UTF-8"?>
<!-- Generated by org.testng.reporters.JUnitReportReporter -->
<testsuite hostname="LAPTOP-E6SRQGTN" failures="0" tests="1" name="autoIT.FileUploadTest" time="13.564" errors="0" timestamp="2022-11-07T07:20:14 IST" skipped="0">
  <testcase classname="autoIT.FileUploadTest" name="f" time="13.564"/>
  <system-out/>
</testsuite> <!-- autoIT.FileUploadTest -->
