<?xml version="1.0" encoding="UTF-8"?>
<!-- Generated by org.testng.reporters.JUnitReportReporter -->
<testsuite hostname="LAPTOP-E6SRQGTN" failures="0" tests="1" name="autoIT.WindowsPopUpTest" time="5.826" errors="0" timestamp="2022-11-07T05:58:41 IST" skipped="0">
  <testcase classname="autoIT.WindowsPopUpTest" name="f" time="5.826"/>
  <system-out/>
</testsuite> <!-- autoIT.WindowsPopUpTest -->
