<?xml version="1.0" encoding="UTF-8"?>
<!-- Generated by org.testng.reporters.JUnitReportReporter -->
<testsuite hostname="LAPTOP-E6SRQGTN" failures="0" tests="1" name="sauceLabCloud.SauceLabsTest1" time="6.463" errors="0" timestamp="2022-11-09T09:22:29 IST" skipped="0">
  <testcase classname="sauceLabCloud.SauceLabsTest1" name="f" time="6.463"/>
  <system-out/>
</testsuite> <!-- sauceLabCloud.SauceLabsTest1 -->
