<?xml version="1.0" encoding="UTF-8"?>
<!-- Generated by org.testng.reporters.JUnitReportReporter -->
<testsuite hostname="LAPTOP-E6SRQGTN" failures="0" tests="1" name="autoIT.FileUploadTest2" time="21.374" errors="0" timestamp="2022-11-08T07:32:13 IST" skipped="0">
  <testcase classname="autoIT.FileUploadTest2" name="f" time="21.374"/>
  <system-out/>
</testsuite> <!-- autoIT.FileUploadTest2 -->
